<?xml version="1.0" encoding="UTF-8"?>
<!-- Generated by org.testng.reporters.JUnitReportReporter -->
<testsuite hostname="SURAJ" failures="0" tests="2" name="com.restapi.automation.createUserPojo" time="1.789" errors="0" timestamp="2024-01-03T14:35:44 IST" skipped="0">
  <testcase classname="com.restapi.automation.createUserPojo" name="createUserJSONFromPojo" time="0.746"/>
  <testcase classname="com.restapi.automation.createUserPojo" name="validateJsonSchema" time="1.043"/>
</testsuite> <!-- com.restapi.automation.createUserPojo -->
