<?xml version="1.0" encoding="UTF-8"?>
<!-- Generated by org.testng.reporters.JUnitReportReporter -->
<testsuite hostname="SURAJ" failures="0" tests="1" name="restAPI.postUser" time="1.908" errors="0" timestamp="2024-01-03T08:57:30 IST" skipped="0">
  <testcase classname="restAPI.postUser" name="validateJsonSchema" time="1.908"/>
</testsuite> <!-- restAPI.postUser -->
