<?xml version="1.0" encoding="UTF-8"?>
<!-- Generated by org.testng.reporters.JUnitReportReporter -->
<testsuite hostname="SURAJ" failures="0" tests="2" name="com.restapi.automation.createUserPojo" time="2.483" errors="0" timestamp="2024-01-03T11:07:26 IST" skipped="0">
  <testcase classname="com.restapi.automation.createUserPojo" name="validateJsonSchema" time="1.360"/>
  <testcase classname="com.restapi.automation.createUserPojo" name="createUserJSONFromPojo" time="1.123"/>
</testsuite> <!-- com.restapi.automation.createUserPojo -->
