<?xml version="1.0" encoding="UTF-8"?>
<!-- Generated by org.testng.reporters.JUnitReportReporter -->
<testsuite hostname="SURAJ" failures="0" tests="1" name="com.restapi.automation.getUsers" time="0.861" errors="0" timestamp="2024-01-03T11:07:26 IST" skipped="0">
  <testcase classname="com.restapi.automation.getUsers" name="getUsers" time="0.861"/>
</testsuite> <!-- com.restapi.automation.getUsers -->
