<?xml version="1.0" encoding="UTF-8"?>
<!-- Generated by org.testng.reporters.JUnitReportReporter -->
<testsuite hostname="SURAJ" failures="0" tests="1" name="com.restapi.automation.getUsers" time="0.552" errors="0" timestamp="2024-01-03T14:35:44 IST" skipped="0">
  <testcase classname="com.restapi.automation.getUsers" name="getUsers" time="0.552"/>
</testsuite> <!-- com.restapi.automation.getUsers -->
