<?xml version="1.0" encoding="UTF-8"?>
<!-- Generated by org.testng.reporters.JUnitReportReporter -->
<testsuite hostname="SURAJ" failures="0" tests="1" name="com.graphql.automation.verifyGetUser" time="10.046" errors="0" timestamp="2024-01-03T14:14:51 IST" skipped="0">
  <testcase classname="com.graphql.automation.verifyGetUser" name="getUserRequest" time="10.046"/>
</testsuite> <!-- com.graphql.automation.verifyGetUser -->
