<?xml version="1.0" encoding="UTF-8"?>
<!-- Generated by org.testng.reporters.JUnitReportReporter -->
<testsuite hostname="SURAJ" failures="0" tests="1" name="restAPI.getUsers" time="1.599" errors="0" timestamp="2024-01-03T08:16:34 IST" skipped="0">
  <testcase classname="restAPI.getUsers" name="getUsers" time="1.599"/>
</testsuite> <!-- restAPI.getUsers -->
