<?xml version="1.0" encoding="UTF-8"?>
<!-- Generated by org.testng.reporters.JUnitReportReporter -->
<testsuite hostname="SURAJ" failures="0" tests="1" name="restAPI.postUserBuilder" time="2.952" errors="0" timestamp="2024-01-03T11:04:21 IST" skipped="0">
  <testcase classname="restAPI.postUserBuilder" name="createUserUsingLombok" time="2.952"/>
</testsuite> <!-- restAPI.postUserBuilder -->
